// license:BSD-3-Clause
// license:BSD-3-Clause
// copyright-holders:Robbbert
/******************************************************************************

    hbmame.lst

    List of all enabled drivers in the system.

****************************************************************************


	/* 1942 */
1942		//parent
1942c64		// 1942 with C64 sounds (by minwah)
1942fpa		// 1942 with free play (by cmonkey)
galagax 	/* Jerky - Chris Moore hack of 1942 */

	/* 1943 */
1943		//parent
1943h		/* Hacked to have the vendor name and phone number */

	/* arkanoid */
arkanoid	/* A75 (c) 1986 Taito Corporation Japan (World) */
akblc2dx 	/* hack */
akgcdx	 	/* hack */
aktaytdx 	/* hack */
arkll32 	/* LLMAME 32 */

	/* asteroid */
asteroid
asteroid6	/* Clay Cowgill Bullet Hack */
astdelux4
starslayer	// star destroyer, hack of asteroid2
//amg		// test only

	/* astrocde */
tst_gorf	/* Gorf test rom */
tst_gor1	/* Gorf test rom */
tst_wow2	/* Wow test rom */
tst_wow3	/* Wow test rom */

	/* astrof */
astrf_bl	/* Black Background */

	/* asuka */
asuka		// parent
asukac		// chinese

	/* atari_s1 */
//atarians	// parent
//atarianb	/* hack for emulators */

	/* bagman */
bagturbo
pickinpi	/* Color Hack by Pi */

	/* blktiger */
blkdrgnk	/* Korean Translation */

	/* bombjack */
bombjack	/* (c) 1984 Tehkan */
bmbjckgr	/* Vag @ GreekRoms */
bombjckb	/* bootleg */
bombjred	/* hack by unknown French person */

	/* btime */
btime		/* (c) 1982 */
bnjr		/* Bump N Jump Reverse Mod */
pnc		/* Pac N Chase */
stictime	/* Marks Hack of btime */
vecbtime	/* T-Bone hack of Burgertime */

	/* bublbobl */
bublbobl	/* A78 (c) 1986 Taito Corporation */
bbaladar	/* Aladar Bootleg */
bb2bmh		/* Overclocked Bubblebobble Memories Hack */
bbhackv1 	/* OVerclocked Level Hack */ 
bbredux1	/* Punji - Bubble Bobble Redux with Level Skip */
bbredux2	/* Punji - Bubble Bobble Redux with Level Skip and Game Continue */
bbredux3	/* Punji - Bubble Bobble Redux with Level Skip, Game Continue, and High Score Save */
bublbobf 	/* Arkatrad */ 
sboblboblh 	/* level select hack */ 

	/* bwidow */
spacwarp	/* Jeff Hendrix - Proto on Space Duel HW */

	/* cave */
pwrinst2
pwrinst2h	/* 2013 Hack by TT */

	/* cball */
cball		// parent
cballfix	// With MASH 'fixed' gfx rom

	/* cclimber */
ckong		/* (c) 1981 Falcon */
tongypac
ckongfix	/* Graphics Fix */
ckonga2
ckonga3
cclimber // parent
cclimbrm	/* Tim Arcadecollecting Modded Version */

	/* centiped */
centiped	/* 136001           (c) 1980 */
milliped	/* 136013           (c) 1982 */
astroped	/* Twisty Hack of Centipede */
astropd2	/* Twisty Hack of Centipede */
cemescry	/* NoSync hack of Centipede */
killiped	/* The Dog hack of Centipede */
pacipede	/* Jeff Coleburn hack of Centiped */
silliped	/* Andy hack of Millipede */
vectiped	/* The Dog hack of Centipede */
vectrped	/* T-Bone hack of Centipede */
centipb		/* bootleg of centipdb */
magworm2	/* bootleg of magworm */

	/* cinemat */
bbugtest	/* Test Rom */

	/* commando */
commando	/*  5/1985 (c) 1985 (World) */
comdelux	/* Twisty Hack */
comdlux1	/* Twisty Hack */

	/* cps1 */
3wonders	// parent
captcomm	// parent
cawing		// parent
dino		// parent
ffight		// parent
ghouls		// parent
kod			// parent
knights		// parent
megaman		// parent
punisher	// parent
sf2			// parent
sf2ce		// parent
slammast	// parent
strider		// parent
wof			// parent

	/* cps1mis */
3wondrud
//captcocc // not working
captcomc	// chinese
captcomh
captcoud
//captcovs // not working
cawingb
cps1demo	/* Charles Doty */
cps1frog	/* Charles Doty */
cps1test	/* Cal2 */
cps1testa	/* Cal2 */
daimakb		/* Found in Mame Plus */
dino08h2
dino08h3
dino08hp
dinob		/* 1993 Cadillacs and Dinosaurs (bootleg) */
dinobt
dinobtpp
dinocgba
dinocgbb
dinocgbc
dinoeh
dinoex
dinoh		/* 1993 Cadillacs and Dinosaurs (Hack) */
dinoha		/* 1993 Cadillacs and Dinosaurs (Hack) */
dinohb		/* 1993 Cadillacs and Dinosaurs (Hack) */
dinohp
//dinohx // crashes in the "underground", demo sound only works on first run.
dinojp		// 2010 Pipi899, RockWall, Zhyxxxx
dinorp
dinoslice
dinouphp
dinoz		/* Boss Hack */
ffightb
knight21	// debug
//knightsa	// - rom missing
knightsb2
knightsh	/* 1991 Knights of the Round (Hack) */
knightsha	/* 1991 Knights of the Round (Hack) */
knightsjb
knightsro	// Sebastian Mihai - Romanian translation 2015
knightud
//kodd // not working
kodh
kodsp
//kodud // not working
pnicku		/* 06/08/1994 (c) 1994 + Compile license (Japan) not listed on Capcom's site */
punisherb	/* Found in neht build */
punisherf	/* Flash version 24/7/2009 by Zhyxxxx */
punisherje1
punisherjh
punisherjh1
punisherjha
punisherud1
punisherud2
sf2c		// sf2, chinese
sf2cebr		/* hack, Brasil   920313 */
sf2ced		/* hack, Hispanic 990804 */
sf2ceda		/* hack, Hispanic 990804 */
sf2ceh		/* hack, Hispanic 990804 */
sf2koryuh	/* Hack by TT */
sf2h9		/* Found in Mame Plus */
sf2h10		/* Found in Mame Plus */
sf2h11		/* Found in Mame Plus */
sf2h12		/* Found in Mame Plus */
sf2h13		/* hack */
sf2pun		/* Drakon, Punishment Edition v1 Final */
sf2sl73a	/* Drakon, Sheng Long v7.3a */
sf2th
sf2tha
sf2tlona	/* hack, Tu Long set 1 */
sf2tlonb	/* hack, Tu Long set 2 */
sf2tlonc	/* hack, Tu Long set 3 */
sf2turyu	/* hack, Tu Long prototype */
sf2yyc3d5
sf2yyc3g
sf2yyc6
sk2h1 		/* 1999  Legend of Three Kingdoms' Heroes / Sanguo Yingxiong Zhuan */
sk2h2		/* 1999  Legend of Three Kingdoms' Heroes / Sanguo Yingxiong Zhuan */
sk2h3		// mame sgyxz for testing
sk2h11		/* 1992 Sangokushi II (Hack 1) */
sk2h12		/* 1992 Sangokushi II (Hack 2) */
sk2h13		/* 1992 Sangokushi II (Hack 3) */
sk2h14		/* Chinese language */
sk2h21		/* 1997  Three Sword Masters / San Jian Sheng */
sk2h22		// San Jian Sheng (Chinese bootleg of Sangokushi II
sk2h31		/* 1997  Three Holy Swords / San Sheng Jian */
sk2h32		/* 1997  Three Holy Swords / San Sheng Jian */
sk2h33		/* 1995  Holy Sword Three Kingdoms / Sheng Jian San Guo */
sk2h34		/* 1995  Holy Sword Three Kingdoms / Sheng Jian San Guo */
sk2h35		/* 1995  Holy Sword Three Kingdoms / Sheng Jian San Guo */
sk2h1q		// qsound version of sk2h1
sk2h2q
sk2h31q
sk2h32q
sk2h33q
sk2h34q
slammastud
stridergf	// fix unwanted black specks
stridergh	// as above, and uncensored
sk2h15		// wofaehp
sk2h16		// wofahp2
wofb
wofch
wofch_v3
wofchdx
wofchdx1
wofchdx2
wofchspp
wofjcn		// chinese language
woffr		/* Neo-Arc French Trans */
wofjh
wofjhb		// was dynwarjh in another life
wofjhc		// was dynwarj2 in another life
wofjm
wofjzero
wofr1h
wofsf2

	/* cps2 */
1944		//parent
1944da
1944fp
ddsom		//parent
ddsomavs
ddsomchs
ddsomhp
ddsomjfs
dstlk		//parent
halfway		// progear hack
mpang		//parent
mpangjd
msh			//parent
mshjphp
mshyh
mvsc		//parent
mvscjemb
mvscjphp
//mvscrcp // reboots shortly after start
//mvscuh // reboots shortly after start
pfghtjrm
progear		//parent
suicide		/* Razoola */
suicide2	/* Razoola */
sfa			//parent
sfa2		//parent
sfa2h
sfaud
sfz2abr
sgemf		//parent
sgemfch
ssf2
ssf2r1d
ssf2t		//parent
ssf2td
spf2t		//parent
spf2tb		// boss hack
vampjb
vsav2		//parent
vsav2emb
xmcota		//parent
xmcotajb
xmcotajphp
xmvsf		//parent
xmvsfjphp
xmvsfrm
xmvsfryh

	/* cps3 */
redearth	//parent
redeartn	// no-cd version
sfiii3		//parent
sfiii3an	// hack
sfiii4rd	// hack

	/* dec0 */
baddudes	//parent
baddudef	/* Arkatrad */
decodemo	/* Charles Doty */

	/* dkong */
dkong		//parent
dkongex		/* Jeff's Hack with Foundry Level */
dkongp		/* Fix for level 22 kill screen by Don Hodges */
dkongpac	/* Tim Appleton - Donkey Kong with Pacman graphics */
kong2600	/* Vic Twenty George hack of Donkey Kong */
nadkong
dkong2m
dkrainbow
dkrdemo

	/* docastle */
dorunrun	//parent
sdreturn

	/* dotrikun */
dotrimjr
mineswp		/* Minesweeper */

	/* ertictac */
//armdemo		/* Charles Doty */  // totally broken

	/* exidy */
targ		/* needed parent */
targtest	/* Targ Test Rom */

	/* exerion */
exerionj	/* Japanese version */
exriongr	/* Vag @ GreekRoms 2004 */

	/* fcrash */
fcrash
captcommb2
ffightbl
ffightbla
kodb

	/* galaga */
galaga
xevious
galagads	
galagab2	
galaga84	
nebulbee	
galaga99	/* Jerky and Sil hack of Galaga */
galagabl 	/* Namco 1982 version of Gallag */
galagaf 	/* Fast Shoot Hack */
galagap 	/* Patch to fix level 0 crash, by Don Hodges */
galagix		/* Galaga Meets Phoenix */
galagost	/* Twisty Hack of Galaga */
galagosb	/* Twisty Hack of Galaga 20021128 */
galaped		/* Cary Barnhard hack of Galaga */
galgaxin	/* T-Bone hack of Galaga */
terror		/* Galaga Terrorist Hack */
galagaef	/* Galaga Terrorist Hack */
vgalaga		/* Galaga Vector Hack */
vgalagam
vgalagaf
battlesh	/* Battles 2002 */
gaous		/* Xevious Hack */
mrdonm		/* Mr Do Nightmare */
sxvioush	/* Super Xevious 2002 */
xevioush	/* Xevious 2002 */
xviousah
xeviousp	/* Xevious Plus! */
xevious3	/* Xevious 2003 */
xevious4	/* Xevious 2004 */
xevious5	/* Xevious 2005 */
xeviblk		/* Xevious Black */

	/* galaxian */
amidar		/* GX337 (c) 1981 Konami */
mooncrst	/* (c) 1980 Nichibutsu */
pisces		/* Subelectro */
scramble	/* GX387 (c) 1981 Konami */
frogger		/* GX392 (c) 1981 Konami */
amidarf		/* ArkaMAME */
amidargr	/* GreekRoms 2004 */
andromd		/* hack - Renamed to avoid confusion with andromed (ex TestDriver) */
buglaxn		/* The Dog hack of Galaxian */
fourplay
galaxiab	/* unknown hack of Galaxian */
galaxkyo	/* unknown hack of Galaxian Part X */
galaxni		/* Petaco bootleg of Galaxian Part X */
galinvad	/* T-Bone hack of Galaxian */
galnamco	/* The Original Namco */
gaylaxn		/* The Dog hack of Galaxian Part X */
jumpbugx	/* jumpbug with extra sounds */
kazzy
monstrz
mooncmst
mooncrs5	/* clone of fantazia */
offender	/* Chris Henry hack of scramble */
starfgh2	/* Bootleg of Pisces */
superdog	/* Jerky Hack Hack of scramble */
trukker		/* Grimlick hack of Frogger */
tst_frog	/* JROK */
vectrgal	/* T-Bone hack of Galaxian */
videight	/* 8in1 multigame */
wbeast		/* Bootleg of War-of-Bug */

	/* gauntlet */
gaunt2		// parent
gaunt2ls	// Orange Elf - new levels
gaunt2s		/* Speed Hack */
gaunt2f		// graphics hack

	/* gottlieb */
qbert		/* GV-103 (c) 1982 Gottlieb */
711qbert	/* Hack of Mello Yellow QBert */
pbert
qbertb		/*  */
vbert

	/* ir */
invrvnge

	/* itech8 */
itecdemo	/* Charles Doty */

	/* jrpacman */
jrpacman	/* (c) 1983 Midway */
jr1000		/* Blue Justice */
jr1000_2	/* Blue Justice */
jr2000		/* Blue Justice */
jr2001		/* Blue Justice */
jr2001p		/* Blue Justice */
jr2002		/* Blue Justice */
jr2002p		/* Blue Justice */
jr2003		/* Blue Justice */
jr2003p		/* Blue Justice */
jr2004		/* Blue Justice */
jr2004p		/* Blue Justice */
jr2005		/* Blue Justice */
jr2005p		/* Blue Justice */
jr3000p		/* Blue Justice */
jr4000p		/* Blue Justice */
jr5000p		/* Blue Justice */
jr6000		/* Blue Justice */
jr7000		/* Blue Justice */
jr7000p		/* Blue Justice */
jr8000		/* Blue Justice */
jr8000p		/* Blue Justice */
jr9000p		/* Blue Justice */
jrdeluxe	/* Blue Justice */
jrhearts
jrpacad
jrpacjr		/* Blue Justice */
jrpacjrp	/* Blue Justice */
jrpacp		/* Blue Justice */
jrvectr		/* T-Bone hack of Jr. Pac-Man */
jrfast
jrcheat
jrspeed
jryumyum	/* Tim Appleton: Jr.Pacman vs Yum Yum */

	/* kof94 */
kof94b
kof94blk
kof94br
kof94cyk
kof94eh
//kof94h rom missing
kof94k
kof94ru
kof94ruj
kof94rz
kof94seh
kof94sri
kof94y

	/* kof95 */
kof95b
kof95bln
kof95brz
kof95ce
kof95d
kof95eh
kof95hp
kof95pjc
kof95ru
kof95seh
kof95xg
kof95y

	/* kof96 */
kof96a
kof96ae
kof96ae1
kof96ae1a
kof96b
kof96b1
kof96bb
kof96c
kof96cbi
kof96ckvs
kof96cn
kof96cr
kof96chj
kof96de
kof96eh
kof96ep
kof96ep2
kof96ep3
kof96evo
kof96evoo
kof96ey
kof96hp
kof96hpr
kof96k
kof96k1
kof96k3
kof96k3o
kof96kt			// supposedly a korean translation, but looks the same to me.
kof96lx
kof96ncd
kof96oib	//IsmaMj
kof96oib2	//IsmaMj
kof96oih
kof96oir
kof96pch
kof96pjc
kof96pm
kof96rcw
kof96rf
kof96rfs
kof96ri
kof96ri1
kof96ri2
kof96ri3
kof96ri4
kof96ri5
kof96rm
kof96rp
kof96rp1
kof96rss
kof96ru
kof96rw
kof96ryu
kof96seh

	/* kof97 */
kof97aa
kof97ae
kof97ae1
kof97aot
kof97bh
kof97bng
kof97bs
kof97cb2
kof97chris
kof97cn
kof97co // combo 2010-02-07
kof97co6 // combo 2006
kof97cr
kof97chl
kof97chl2
kof97cy
kof97dse
kof97eh
kof97eh2
kof97eho
kof97ei // combo 2010-02-07 different colours
kof97evo
kof97evoa
kof97frb
kof97irgc
kof97hk
kof97hl
kof97hxd
kof97ice
kof97kai
kof97kp
kof97kp1
kof97lb
kof97lc
kof97lr
kof97m
kof97mit
kof97mj
kof97nd
kof97ne
kof97neo
kof97nude
kof97phl
kof97pj
kof97pjc
kof97pl2
kof97pl3
kof97pla
kof97plc
kof97plus
kof97pm
kof97ps
kof97rev
kof97ribe
kof97rk
kof97rst
kof97rst2
kof97rst3
kof97rv
kof97saw
kof97sed
kof97sex
kof97shi
kof97sm
kof97svs
kof97svsb2
kof97sw
kof97tse
kof97wh
kof97wpls
kof97xbt
kof97xi
kof97xp
kof97xt
kof97xt1
kof97xxx
kof97y
kof97ya
kof97yb
kof97ye
kof97yg
kof97yh
kof97yk
kof97yk1
kof97yk2
kof97yk83
kof97yk85
kof97yl
kof97yl2
kof97yo
kof97z
kof97zm

	/* kof98 */
kof98aas
//kof98ae //test only, do not enable
kof98ae0 //black splashes all over fight scene where cars speed past
kof98ae1 //black splashes all over fight scene where cars speed past
kof98ae2 //black splashes all over fight scene where cars speed past
kof98ae3 //black splashes all over fight scene where cars speed past
kof98ae20160308 //black splashes all over fight scene where cars speed past
kof98b
kof98bh
kof98c2006
kof98c20070720
kof98c20070923 // sometimes reboots itself
kof98c20080524 // sometimes reboots itself
kof98c20080616 // sometimes reboots itself
kof98c20080712 // sometimes reboots itself
kof98c20090620 // sometimes reboots itself
kof98c20090923
kof98c20100214
kof98c20110114
kof98c20110314
kof98c20120116
kof98c20120915
kof98c20130213
kof98c20130311
kof98c20130509
kof98c20130528
kof98c20130617
kof98c20130808
kof98c20130820
kof98c20131113
kof98c20140101
kof98c20140110
kof98c20140118
kof98c20140204
kof98c20140213
kof98c20140217
kof98c20140228
kof98c20140302
kof98c20140310
kof98c20140317
kof98c20140403
kof98c20140412
kof98c20140416
kof98c20140419
kof98c20140428
kof98c20140504
kof98c20140524
kof98c20140606
kof98c20140620
kof98c20140717
kof98c20140809
kof98c20140816
kof98c20140824
kof98c20140906
kof98c20140924
kof98c20141002
kof98c20141020
kof98c20150201
kof98c20150228
kof98c20150302
kof98c20150310
kof98c20150330
kof98c20150528
kof98c20150614
kof98c20150705
kof98c20150729
kof98c20150827
kof98c20151103
kof98c20151108
kof98c20151110
kof98c20151223
kof98c20160320
kof98cd
kof98cd1
kof98ch
kof98chl
kof98chris
kof98cn
kof98cn1
kof98cos
kof98cos1
kof98cos2
kof98cta // (kof98c20080801) - sometimes reboots itself
kof98dc
kof98ehr
kof98evl
kof98evo
kof98evo2
kof98evr
kof98f
kof98fr
kof98fro
kof98fro2
kof98frp	//slutfest
kof98gold
kof98hk
kof98ice
kof98ico
kof98iori
kof98jh
kof98k95
kof98klc
kof98lb
kof98lv
kof98m
kof98mev
kof98mix
kof98nc
kof98new
kof98pjc
kof98rh
kof98rh1
kof98rl
kof98rm
kof98seh
kof98seho
kof98sof
kof98sp
kof98sp2
kof98sr
kof98tim
kof98ul
kof98ur
kof98urf
kof98wh
kof98wh1
kof98wh2
kof98xi
kof98y
kof98yh

	/* kof99 */
kof99ab
kof99ae		/* Anniversary Edition */
kof99ae0
kof99ae20140408
kof99ae20140624
kof99ae20150121
kof99ae20150520
kof99ae20150711
kof99ae20160411
kof99ae20160419
kof99aes
kof99bh
kof99bhs
kof99bs
kof99ch
kof99chf
kof99co
kof99co2
kof99d
kof99eh
kof99ehr
kof99eur
kof99eur1
kof99eur2
kof99eur3
kof99evo
kof99fc
kof99fc0
kof99fc1
kof99fc2
kof99fix
kof99fmi
kof99hbi
kof99hp
kof99iori
kof99jh
kof99jho
kof99kp
kof99lb
kof99m
kof99nd
kof99ndh
kof99ndis
kof99ob
kof99ob2
kof99pb
kof99pjc1
kof99pjc2
kof99pjc3
kof99pjco
kof99pk
kof99pko
kof99pm
kof99pt
kof99py
kof99r
kof99revo
kof99rp
kof99rp0
kof99rp1
kof99rp2
kof99rp3
kof99rp4
kof99rp5
kof99rp6
kof99rp7
kof99rp8
kof99rp9
kof99rpa
kof99rpb
kof99rpc
kof99rpp
kof99rr
kof99rs
kof99rsm
kof99rsp
kof99seh
kof99sp
kof99sr
kof99srr
kof99the4
kof99the42
//kof99vor // corrupt gfx
kof99wet
kof99wh1
kof99wh2
kof99wh3
kof99wh4
kof99xpsa
kof99xpsf
kof99xpsp
kof99xxx
kof99y
kof99yb
kof99yd

	/* kof2000 */
kof2000d
kof2000ev
kof2000r
kof2kbh
kof2kbj
kof2kbsd
kof2kce
kof2kch
kof2kcp
kof2keh
kof2kehr
kof2kevo
kof2kevo1
kof2kevo2
kof2kevo3
kof2kgbh
kof2kgold
kof2kice
kof2kiori
kof2kjlc
kof2kkf1
kof2kkvs
kof2kkzs
kof2knd
kof2kpjc
kof2kpjc1
kof2kpjc2
kof2kpjc3
kof2kpls
kof2krm
kof2krp
kof2kryu
kof2kseh
kof2kst
kof2kwh
kof2kwh2
kof2kxxx
kof2ky
kof2kyd
kof2kyg
kof2kz
kof2kzs

	/* kof2001 */
kof2001d
kof2001n
kof2k1ay
kof2k1b
kof2k1b1
kof2k1b3
kof2k1b4
kof2k1bd2
kof2k1bh
kof2k1bh1
kof2k1bs
kof2k1bs2
kof2k1ce
kof2k1cfc
kof2k1cf1
kof2k1ch
kof2k1clr
kof2k1cp
kof2k1cp1
kof2k1cp2
kof2k1cp3
kof2k1cp4
kof2k1cp5
kof2k1cp6
kof2k1cp7
kof2k1cr
kof2k1eh
kof2k1ehc
kof2k1ehr
kof2k1gm
kof2k1guan
kof2k1ha
kof2k1ha2
kof2k1hao
kof2k1hb
kof2k1hgm
kof2k1ice
kof2k1ic2
kof2k1k3o
kof2k1k32
kof2k1k33
kof2k1k34
kof2k1k35
kof2k1k36
kof2k1k37
kof2k1k38
kof2k1k39
kof2k1k3a
kof2k1k3b
kof2k1k3c
kof2k1k3d
kof2k1k3e
kof2k1k3f
kof2k1k3g
kof2k1k3h
kof2k1ki
kof2k1lse
kof2k1mk2
kof2k1mk
kof2k1mke
kof2k1pa
kof2k1pa2
kof2k1pjc
kof2k1pjo
kof2k1pj1
kof2k1pj2
kof2k1pj3
kof2k1pls
kof2k1rm
kof2k1rp
kof2k1rp0
kof2k1rp1
kof2k1rpo
kof2k1ru
kof2k1ru0
kof2k1seh
kof2k1sob
kof2k1st
kof2k1st2
kof2k1wh
kof2k1z1
kof2k1z2
//kf2k1pa
//kf2k1pls

	/* kof2002 */
kof200215
kof2002d
kof2002x
kof2k2ath
kof2k2b // no sound in attract mode
kof2k2b1
kof2k2bd //not working
kof2k2bh
kof2k2bjh
kof2k2bjo
kof2k2bl3
kof2k2bl4
kof2k2bld
kof2k2blood2
kof2k2br
kof2k2br1
kof2k2br2
kof2k2bs
kof2k2c2
kof2k2cf1
kof2k2cf2
kof2k2cf3
kof2k2cfc
kof2k2ch
kof2k2chl
kof2k2cl2
kof2k2cl3
kof2k2cn
kof2k2cori
kof2k2dbh
kof2k2e1
kof2k2e2
kof2k2e3
kof2k2ehr
kof2k2er2
kof2k2er3
kof2k2er4
kof2k2erx
kof2k2evo
kof2k2evo2
kof2k2fy
kof2k2gc
kof2k2gc2
kof2k2gf
kof2k2green
kof2k2ht
kof2k2ibp
kof2k2ic1
kof2k2ic2
kof2k2ice
kof2k2jc
kof2k2js
kof2k2js2
kof2k2js4
kof2k2k2
kof2k2k3o
kof2k2k32
kof2k2k33
kof2k2k34
kof2k2k35
kof2k2k36
kof2k2k37
kof2k2k38
kof2k2k39
kof2k2k3a
kof2k2k3b
kof2k2k3c
kof2k2k3d
kof2k2k3e
kof2k2k3f
kof2k2k3g
kof2k2kai
kof2k2kc
kof2k2kc2
kof2k2kk
kof2k2lb // no sound in attract mode
kof2k2leon
kof2k2mcr
kof2k2moi2
kof2k2moir // no sound in attract mode
kof2k2mp1	/* Magic Plus */
kof2k2mp3	/* Magic Plus III - Ismamj */
kof2k2mpu
kof2k2ngp
kof2k2nu
kof2k2olp
kof2k2omg
kof2k2omg8
kof2k2omg9
kof2k2omg9b
kof2k2on
kof2k2or
kof2k2ori
kof2k2ori2
kof2k2pa
kof2k2pjw // no sound in attract mode
kof2k2plb
kof2k2pr
kof2k2pro
kof2k2ps2
kof2k2ps2a
kof2k2ps2mp
kof2k2pur
kof2k2ra
kof2k2rgl // no sound in attract mode
kof2k2rm
kof2k2rma
kof2k2rmb
kof2k2rm1
kof2k2rm2
kof2k2rm3
kof2k2rm13 // no sound in attract mode
kof2k2rr // no sound in attract mode
kof2k2rr1
kof2k2rr2 // no sound in attract mode
kof2k2rr3
kof2k2rr4
kof2k2rr5
kof2k2rr6
kof2k2rr7
kof2k2rr8 // no sound in attract mode
kof2k2rs
kof2k2rs2
kof2k2ru
kof2k2rw
kof2k2sb
kof2k2seh
kof2k2se2
kof2k2sm // bad gfx on train scene
kof2k2smf
kof2k2smg
kof2k2smg2
kof2k2soi
kof2k2sp
kof2k2spl
kof2k2spls
kof2k2spo
kof2k2tc
kof2k2ul
kof2k2ule
kof2k2wuk // no sound in attract mode
kof2k2xxx
//kf2k2plc

	/* kof2003 */
kof2003d
kof2003f
kof2003rebh
kof2k3b
kof2k3br
kof2k3bs4
kof2k3d
kof2k3evo
kof2k3gc
kof2k3hd
kof2k3pcd
kof2k3ps2
kof2k3ryu
kof2k3sc
kof2k3tc
kof2k3zgf
//kof2k3bd
//kof2k3pd
//kof2k3upd

	/* kyugo */
airwolf		//parent
airwolffr	// french

	/* m52 */
mpatrol		//parent
spatrol		/* Sponge Patrol - Gatinho 2008 */

	/* maketrax */
eyes		/* (c) 1982 Digitrex Techstar + "Rockola presents" */
aa		/* Widel's Games */
absurd		/* scott - nonworking alpha ver 3 */
//alpaca7		/* Jerronimo (useless) */
//alpaca8		/* Jerronimo (useless) */
bace		/* Widel's Games */
crashh		/* PacMAME Hacks */
dderby		/* Widel's Games */
eyesb
ghohunt		// Hurray Banana
kangaroh	/* Widel's Games */
lazybug
lazybug1
mtturbo		/* Tim - Make Trax Turbo Hack */
pachello	/* Jerronimo */
pacmatri	/* Jerronimo */
pactest		/* Widel's Games */
ppong		/* Widel's Games */
ppong2		/* Widel's Games */
rainboh		/* Widel's Games */
seq1		/* Jerronimo */
seq2		/* Jerronimo */
tst_pacm
wavybug
zap		/* Widel's Games */

	/* mappy */
mappy		//parent
superpac	//parent
crackhea 	/* Cary Barnhard hack of Mappy */
housepty 	/* Jerky hack of Mappy */
marpy
superpc1	/* Paul Smith */
superpcn 	/* Blue Justice */
superpcp	/* Blue Justice */
superpcs	/* Paul Smith */
vectrsup	/* T-Bone hack of Super Pac-Man */

	/* mario */
cenmario 

	/* mcr */
handiman	/* Bobby Tribble hack of Tron */
shtron		/* Jerronimo */
stapper		/* Tapper Simpsons Hack */
stapper1	/* Tapper Simpsons Hack ver .81 */

	/* mcr3 */
sarge		//parent
sargex		/* Gatinho Sarge x-rated */

	/* mgd2 */
bstarsd		/* 0002 (c) 1990 SNK */
tpgolfd		/* 0003 (c) 1990 SNK */
maglordd	/* 0005 (c) 1990 Alpha Denshi Co. */
ridherod	/* 0006 (c) 1990 SNK */
alpham2d	/* 0007 (c) 1991 SNK */
ncombatd	/* 0009 (c) 1990 Alpha Denshi Co. */
cyberlipd	/* 0010 (c) 1990 SNK */
superspyd	/* 0011 (c) 1990 SNK */
mutnatd		/* 0014 (c) 1992 SNK */
kotmd		/* 0016 (c) 1991 SNK */
sengokud	/* 0017 (c) 1991 SNK */
burningfd	/* 0018 (c) 1991 SNK */
lbowlingd	/* 0019 (c) 1990 SNK */
gpilotsd	/* 0020 (c) 1991 SNK */
joyjoyd		/* 0021 (c) 1990 SNK */
lresortd	/* 0024 (c) 1992 SNK */
eightmand	/* 0025 (c) 1991 SNK / Pallas */
minasand	/* 0027 (c) 1990 Monolith Corp. */
2020bbd		/* 0030 (c) 1991 SNK / Pallas */
socbrawld	/* 0031 (c) 1991 SNK */
roboarmyd	/* 0032 (c) 1991 SNK */
fatfury1d	/* 0033 (c) 1991 SNK */
fbfrenzyd	/* 0034 (c) 1992 SNK */
bakatonod	/* 0036 (c) 1991 Monolith Corp. */
crswordd	/* 0037 (c) 1991 Alpha Denshi Co. */
trallyd		/* 0038 (c) 1991 Alpha Denshi Co. */
sengoku2d	/* 0040 (c) 1993 SNK */
3countbd	/* 0043 (c) 1993 SNK */
aofd		/* 0044 (c) 1992 SNK */
androdund	/* 0049 (c) 1992 Visco */
ncommandd	/* 0050 (c) 1992 Alpha Denshi Co. */
wh1d		/* 0053 (c) 1992 Alpha Denshi Co. */

	/* midtunit */
mk			//parent
mkfr		// french
mkturbod	/* MK protection hack */
mktturboen	// Zenomorp 2012 Turbo Endurance
mktturbopi	// Zenomorp 2012 Turbo Projectile Insanity
mk2		//parent Mortal Kombat II r3.1
mk2fr		// french
mk2r33		// Mortal Kombat II r3.3
umk2te50	// Ultimate MKII Tournament Edition r5.0.050
umk2te51	// Ultimate MKII Tournament Edition r5.0.051
umk2te52	// Ultimate MKII Tournament Edition r5.0.052

	/* midwunit */
umk3		//parent
umk3j		/* UMK3 1.2 Juggernaut Hack v1.0 */
umk3z		/* UMK3 1.2 Zeus hack */
umk3te		/* UMK3 Tournament Edition 2.0.032b8 */
umk3te2		/* UMK3 Tournament Edition 2.0.035 */

	/* midyunit */
mkla4d		/* MK protection hack */

	/* mitchell */
mitcdemo	/* Charles Doty */

	/* mmagic */
mmagic

	/* monaco */
monaco

	/* mrdo */
mrdo		/* (c) 1982 */
mrdigdo		/* Justin Clark hack of Mr. Do! */
mrdofast	/* Speedup hack from Evil Exidy*/
mrpac		/* Twist Hack 20020813 */
mrpacb
newdigdo	/* Vic 20 George and Jerky hack of... */
stickydo	/* Marck's Hacks */

	/* mslug */
msboot
mslugeh
mslug2eh
mslug2eh0
mslug2eh1
mslug2eh2
mslug2eh3
mslug2eh4
mslug2fr
mslug2fro
mslug2sh
mslug2t		// 2015 trap15 - remove slowdowns that plague gameplay
mslugxce
mslugxeb
mslugxeh
mslugxeh1
mslugxex
mslugxfe
mslugxfr
mslugxfro
mslugxhp
mslugxit
mslugxjdkj
mslugxmfb
mslugxres
mslugxsef
mslugxsvb
mslugxp
mslugxr
mslugxst
mslug3d
mslug3eha
mslug3ehs
mslug3e02
mslug3e03
mslug3e04
mslug3e05
mslug3e06
mslug3e07
mslug3e08
mslug3e09
mslug3e10
mslug3e11
mslug3e12
mslug3e13
mslug3e14
mslug3e15
mslug3e16
mslug3e17
mslug3e18
mslug3e19
mslug3e20
mslug3e21
mslug3e22
mslug3eb
mslug3fr
mslug3fro
mslug3hev
mslug3kh
mslug3kho
mslug3nd
mslug3v		/* EEZEZY Violence Edition */
mslug4d
mslug4dh	/* Super D version */
mslug4dh1
mslug4eh
mslug4eh2
mslug4eh3
mslug4eh4
mslug4eh5
mslug4eh6
mslug4eho
mslug4fr
mslug4i
mslug4i1
mslug4kh
//mslug4lw // not working - p roms are encrypted
mslug4nd
mslug4sp
mslug5b
mslug5d
mslug5d1
mslug5f
mslug5fr
mslug5fr1
//mslug5fu // not working - p roms are encrypted
mslug5hd
mslug5l9a
mslug5l9b
mslug5lvf
mslug5lvnc
mslug5nd
mslug5w
ms5boot
ms5pcbd
ms5sp

	/* mspacman */
mspacman	/* (c) 1981 Midway */ /* made by Gencomp */
chtmsatk	/* PacMAME Hacks */
chtmspa		/* PacMAME Hacks */
cookiem
cottoh		/* Gatinho hack of mspacman, to simulate what Crazy Otto might have been like */
cottoh2		/* Gatinho hack of mspacman, to simulate what Crazy Otto might have been like */
fasthang
fastpuck
fasthear	/* PacMAME Hacks */
fastmspa	/* PacMAME Hacks */
fastpop
faststrm	/* PacMAME Hacks */
fstmsatk	/* PacMAME Hacks */
fstpman2
heartbn2	/* PacMAME Hacks */
heartbrn	/* unknown hack of Ms. Pac-Man */
horizpab	/* Jerronimo v1.0 2004 */
horizpac	/* Jerronimo */
mrmrspac
mrpacman
ms1000		/* Blue Justice */
ms2000		/* Blue Justice */
ms2600		/* T-Bone hack of Ms. Pac-Man */
ms3000		/* Blue Justice */
ms4000p		/* Blue Justice */
ms5000		/* Blue Justice */
ms5000p		/* Blue Justice */
msatk2ad	/* PacMAME Hacks */
msatkad
msbaby		/* T-Bone hack */
msberzk		/* Bobby Tribble hack of Ms. Pac-Man */
mscrzyma	/* Blue Justice */
mscrzymp	/* Blue Justice */
msdroid		/* Grendal74 */
msdstorm	/* Mike Naylor hack of Ms. Pac-Man */
mselton		/* Sil hack of Ms. Pac-Man */
msextra		/* Blue Justice */
msextrap	/* Blue Justice */
msf1pac		/* Sil hack of Ms. Pac-Man */
msgrkatk	/* Grendal74 */
msgrkb		/* Grendal74 */
mshangly	/* PacMAME Hacks */
mshearts	/* PacMAME Hacks */
msheartb
msindy		/* Sil hack of Ms. Pac-Man */
msmini		/* T-Bone hack of Ms. Pac-Man */
msminia		/* T-Bone hack of Ms. Pac-Man */
msmspac		/* Blue Justice */
msnes4a		/* T-Bone hack of Ms. Pac-Man */
msnes62		/* T-Bone hack of Ms. Pac-Man */
msnes63		/* T-Bone hack of Ms. Pac-Man */
msnes6m		/* T-Bone hack of Ms. Pac-Man */
msnes6m2	/* T-Bone hack of Ms. Pac-Man */
msnes6m3	/* T-Bone hack of Ms. Pac-Man */
msnes6m4	/* T-Bone hack of Ms. Pac-Man */
mspac1		/* from Greekmame 0.87 */
mspac6m		/* Sil hack of Ms. Pac-Man */
mspac6m2	/* Sil hack of Ms. Pac-Man (fixed) */
mspacad		/* Sil hack of Ms. Pac-Man */
mspacat2	/* Sil hack of Miss Pac Plus */
mspacatb
mspacde
mspacdel	/* Blue Justice */
mspacfnt
mspachi
mspacii
mspacit
mspacit2
mspacj
mspacmap	/* Don Hodges patch to fix various bugs in mspacmab */
mspacmbg
mspacnes	/* T-Bone hack of Ms. Pac-Man */
mspacp		/* Blue Justice */
mspacpbl	/* Dav/PMP bootleg */
mspacren	/* T-Bone hack of Ms. Pac-Man */
mspacrip	/* R3mer hack of Ms. Pac-Man */
mspacsup	/* Super Ms. Pac-Man */
mspacwf		/* Tim Appleton - Ms. PacMan Weird Fruit */
mspamsba	/* Blue Justice */
mspc6mad	/* T-Bone hack of Ms. Pac-Man */
msplus		/* Blue Justice 20010824 */
msrumble
mssilad		/* PacMAME Hacks */
msstrmaz	/* Blue Justice */
msultra
msvctr6m	/* T-Bone hack of Ms. Pac-Man */
msvectr		/* PacMAME Hacks */
msyakman	/* PacMAME Hacks */
ottop1
ottop2
ottop3
ottopz
pacatk		/* Widel's Games */
pacgalu
pacgent
pacrab
pacsnoop	/* Jerronimo */
petshop
pheartb
piranha2
ramsnoop	/* Jerronimo */
sueworlb
sueworld
superp4g
superp4m
supmspac	/* Spedic Vending bootleg */
vectratk	/* Sil and T-Bone hack of Ms. Pac-Man */
womanp5
zolamaze
zolaad		/* PacMAME Hacks */
zolaatk		/* PacMAME Hacks */
zolapac		/* PacMAME Hacks */
zolaslow	/* PacMAME Hacks */
zolatunl	/* PacMAME Hacks */
zolavect	/* PacMAME Hacks */
	/* "Pacman hardware" games (hires hacks) */
mschampx 	/* hack */
mspacmnx 	/* (c) 1981 Midway */ /* made by Gencomp */
mspacmfx 	/* hack */
mspacatx 	/* hack */
mspacmbx 	/* bootleg */
mspacplx 	/* hack */
pacgalx 	/* hack */

	/* multipac */
96in1		/* Widel's Games */
96in1a		/* Widel's Games */
96in1b		/* Widel's Games */
96in1c		/* Widel's Games */
hackypac	/* Widel's Games */
madpac		/* Widel's Games */
multi10		/* bootleg */
multi11		/* bootleg */
multi13		/* bootleg */
multi14		/* bootleg */
multi15		/* bootleg */
mspaceur
pm4n1
pm4n1a
pm4n1b
pm4n1c
pm4n1d
pm4n1e

	/* nemesis */
salamand	// parent
spclone		// v0.7.3
spcloneo	// v0.7.2.2

	/* neogeo */
// These are the parents of our hacks
neogeo
2020bb		// 030
3countb		// 043
alpham2		// 007
androdun	// 049
aodk		// 074
aof			// 044
aof2		// 056
aof3		// 096
b2b			// 071
bakatono	// 036
bangbead	// 259
bjourney	// 022
blazstar	// 239
breakers	// 230
breakrev	// 245
bstars		// 002
bstars2		// 041
burningf	// 018
crsword		// 037
crswd2bl	// 054
ctomaday	// 249
cyberlip	// 010
doubledr	// 082
eightman	// 025
fatfury1	// 033
fatfury2	// 047
fatfury3	// 069
fatfursp	// 058
fbfrenzy	// 034
fightfev	// 060
flipshot	// 247
galaxyfg	// 078
ganryu		// 252
garou		// 253
ghostlop	// 228
goalx3		// 209
gowcaizr	// 094
gpilots		// 020
gururin		// 067
ironclad	// 220
irrmaze		// 236
janshin		// 048
jockeygp	// 331
joyjoy		// 021
kabukikl	// 092
karnovr		// 066
kizuna		// 216
kof94		// 055
kof95		// 084
kof96		// 214
kof97		// 232
kof98		// 242
kof99		// 251
kof2000		// 257
kof2001		// 262
kof2002		// 265
kof2003		// 271
kf2k3pcb
kotm		// 016
kotm2		// 039
lastblad	// 234
lastbld2	// 243
lasthope	// 802
lbowling	// 019
legendos	// 029
lresort		// 024
magdrop2	// 221
magdrop3	// 233
maglord		// 005
mahretsu	// 004
marukodq	// 206
matrim		// 266
miexchng	// 231
minasan		// 027
mosyougi	// 203
ms5pcb
mslug		// 201
mslug2		// 241
mslugx		// 250
mslug3		// 256
mslug4		// 263
mslug5		// 268
mutnat		// 014
nam1975		// 001
ncombat		// 009
ncommand	// 050
neobombe	// 093
neocup98	// 244
neodrift	// 213
neomrdo		// 207
ninjamas	// 217
nitd		// 260
overtop		// 212
panicbom	// 073
pbobbl2n	// 248
pbobblen	// 083
pgoal		// 219
pnyaa		// 267
popbounc	// 237
preisle2	// 255
pspikes2	// 068
pulstar		// 089
puzzledp	// 202
puzzldpr	// 235
quizdais	// 023
quizdai2	// 042
quizkof		// 080
ragnagrd	// 218
rbff1		// 095
rbff2		// 240
rbffspec	// 223
ridhero		// 006
roboarmy	// 032
rotd		// 264
s1945p		// 254
samsho		// 045
samsho2		// 063
samsho3		// 087
samsho4		// 222
samsho5		// 270
samsh5sp	// 272
savagere	// 059
sbp			// 338
sdodgeb		// 208
sengoku		// 017
sengoku2	// 040
sengoku3	// 261
shocktr2	// 246
shocktro	// 238
socbrawl	// 031
sonicwi2	// 075
sonicwi3	// 097
spinmast	// 062
ssideki		// 052
ssideki2	// 061
ssideki3	// 081
ssideki4	// 215
stakwin		// 088
stakwin2	// 227
strhoop		// 079
superspy	// 011
svc			// 269
svcpcb
tophuntr	// 046
tpgolf		// 003
trally		// 038
turfmast	// 200
twinspri	// 224
tws96		// 086
viewpoin	// 051
vliner		// 332
wakuwak7	// 225
wh1			// 053
wh2			// 057
wh2j		// 064
whp			// 090
wjammers	// 065
zedblade	// 076
zintrckb	// 211
zupapa		// 070

	/* neogeohb */
akiradmo
beast		/* 2002 (c) 1989 Psygnosis */
cndi		/* Chip n Dale Intro */
cnbe
cphd
columnsn	/* 2000 (c) 1990 Sega */
columnsncd
//csw2 //not working & roms missing
didemo
dti			// Duck Tales Intro
dwi			/* DarkWing Duck Intro */
ennemi      // kannagi 2016
ffeast		// Frog Feast
ffeastd		// Frog Feast demo
fr2			// 098 Idol Mahjong - final romance 2
fr2cd		/* 098 (c) 1995 Video Systems Co. */
fr2ch		/* 098 (c) 1995 Video Systems Co. */
gbi			/* Ghostbusters Intro */
iocero		// BEY
knacki		// KnackiBalls by Furrtek
lhcdb		/* 2007 (c) Last Hope CD beta */
lhcdba
//lhopecd //not working
//lhopecdh // not working
ltorb
neo2500		/* Blastar */
neo3d		// Oxygene
neocstlv	// BarfHappy
neodemo		/* Charles Doty */
neofight	// Kannagi
neogal1		// BEY
neogal1d	// BEY
neogal1t	// BEY
neogal2		// BEY
neonopon	/* (c) 2002-10-05 Blastar */
neonopon_d1 // unplayable demo
neonopon_d2 // unplayable demo
neonopon_d3 // unplayable demo
neopong		/* (c) 2002 Neodev */
neoponga	/* (c) 2002 Neodev */
neoromjb	// CeL
neotest		// BEY
neothund	// Sebastian Mihai
ngem2k
ngftdemo	// CeL
ngmontst
ngtetris
nyan
pcmademo	// 2015 freem
pcmbdemo	// 2015 freem
poknight	/* 2003 (c) 200? JMK */
poknightcd
poknightfr
rci			/* Robocop intro */
santabll
smi			/* Spiderman intro */
snddemo		// Sound-Loop Demo by Freem
spriteex	// furrtek Sprite Experimenter
syscheck
test01		// MVS Test 01 by Furrtek
timesupd	// CeL
tmnti		/* TMNT intro */
totc		// Treasure of the Caribbean
twister		// Blastar 2015
ww2demo
zintrckbh
zintrkcd	/* 211 (c) 1996 ADK / SNK */
zintrkcd1
zintrkm

	/* neogeo1 */
2020bbcd
androdunpx
aofbh
aof2b
aof2b1
aof2bh
aof2br2
aof3b
aof3bh
bangbeadp
bjourneypx
breakersbh
breakersp
breakersy
breakrevb
breakrevpp
breakrevy
burningfhp
ctomadaypx
dragons1
eightmaneb
fightfevbs
fightfevk
flipshotk
galaxyfgb
ganryud
gowcaizrb
gowcaizrbs
gowcaizrrv
gowcaizry
gpilotscd
gpilotse
gpilotspx
ironcladb
//ironcladcd // not working
jockeygpd
joyjoycd
joyjoycd1
kabukiklb
kabukikleh
kabukiklgm
kabukiklgmc
kabukiklmc
kabukiklyc
karnovreh
kizunaeh
lans2k4d
lbowlingcd
magdrop3fr	/* Neo-Arc French Trans */
matrima
matrimd
matrimdh
matrimeh
matrimehc
matrimnd
miexchngfr	/* Neo-Arc French Trans */
mutnatex
nam1975g
nam1975h
neocup98k
ninjamaseh
ninjamasehc
ninjamasehyc
ninjamasha
nitdd
nitdfr		/* Neo-Arc French Trans */
nitdfro		/* Neo-Arc French Trans */
nitdfro1
nitdsp
nitdsp1		// Spanish.Rev2
nitdsp2
pbcrazyb1
pbcrazyb2
pbobblenba
pbobblencd
pbobblendx
pbobblenh
pnyaad
preisle2d
//pspikes2cd // not working
ragnagrdeh
roboarma
s1945pd
s1945pwe
savageredb
shocktr2px
shocktr2w
shocktrosp
sonicwi2eh
sonicwi2px
sonicwi3eh
sonicwi3h
sonicwi3px
spinmasth
spinmastpx
ssidekicd
strhoopcd
superspycd
tophuntrpx
tpgolfcd
trallycd
twinsprih
viewpoinf
viewpointr
wakuwak7bh
wakuwak7h
wjammersf
wjammersk
zupapad
//diggerma duplicate name, to check


	/* ngdoubledr */
dbdehy
dbdy
dbdeh
dbdeh1
dbdq
dbdqb
dbdqp
dbdqeh
doubledre2
doubledres
doubledrhp

	/* nggaroup */
garoub
garoud
garoupamu
garoupeh
garoupehc
garoupy
garoupf
garoupfu
garoupfp
garoupx11
garoupy1

	/* ngkofmisc */
cthd2k3b
//cthd2k3a // not working, "not responding"
ct2k3eh
ct2k3ifz
ct2k3k3
ct2k3k3o
ct2k3spi
ct2k3xx
ct2k3ys
//ct2k3ad
//ct2k3spd
//cthd2k3a
//cthd2k3d
kof2k4mp
kof2k4ru // no sound in attract mode
kof2k4se1
kof2k4se2
//kof2k4pls
kof2k4seb
kof2k4spl
kof2k8uni
//kof10thd
//kof10thd16 // not working, p1 needs unscrambling
kof10thep15
kof10thu
kof10thub
kof10thud
kogd
kogf
kogmxpls
kogplus
kogplusf

	/* nglastblade */
lba
lbb
lbe
lbboss
lbeh
lbeh2
lbseh
lbeho
lbha
lby
lb2a
lb2b
lb2bhd
lb2easy
lb2ed
lb2ebd
lb2eh
lb2eh2
lb2eho
lb2ehu
lb2pl
lb2te
lb2wh
lb2yd

	/* ngrbff */
fatfury2b
fatfury3b
fatfury3bd
fatfury3bh
fatfury3eh
fatfurspb
fatfurspbs
fatfurspbt
fatfurspeh
rbff1ud
rbffsehd
rbffsb
rbffseh
rbffspecbs
rbffspy
rbffspbd
rbffsud
rbff2b
rbff2bh
rbff2eh
rbff2ehc
rbff2eh2
rbff2eho
rbff2fc
rbff2ud
rbff2y

	/* ngrotd */
rotdb
rotdb1
rotdbr
rotdbr1
rotdbr2
rotdbr2d
rotdcre
rotdcreb
rotdd
rotddh
rotdeh
rotdehc
rotdfw
rotdfy
rotdh2b
rotdhab
rotdhab1
rotdhar
rotdhfw
rotdhfwb
rotdnd
rotdyc

	/* ngsamsho */
samshob
samshoeh
samshoeh2
samsho2b
samsho2eh
samsho2sq
samsho2ss
samsho2yc
samsho3eh
samsho3hb
samsho3yc
samsho3se
samsho4bh
samsho4cz
samsho4eh
samsho4es
samsho4ev
samsho4ew
samsho4fc
samsho4kw
samsho4kz
samsho4ps
samsho4wh
samsho5bd
samsho5bs
samsho5ch
samsho5d
samsho5d1
samsho5hd
samsho5x
samsh5spd
samsh5spd1
samsh5spd2
samsh5sph1
samsh5spha
samsh5sphb
samsh5sphc
samsh5sphd
samsh5spn
samsh5spnd
samsh5spnh3
samsh5spnzk

	/* ngsengoku */
sengokucd
sengoku3b
sengoku3c
sengoku3d
sengoku3eb
sengoku3ha
sengoku3k
sengoku3kc
sengoku3p
sengoku3pl
sengoku3ya
sengoku3yk

	/* ngsvc */
svcd
svcd1
svcesv
svch
svcnd
svcpcbd
svcplusa2016
svcplusb
svcplusd
svcpryu
svcps2
svcrm
svcsplus2016
svcspryu

	/* ngwh */
whpb
whpb2
whpbh
whpbho
whpbho2
whpeh
whpeho
whph
whphez
whpsp
whpss
wh1bs
wh2bs
wh2ey
wh2ja
wh2jb

	/* nmk16 */
//tdragon			//parent
//tdragonp		// trap15 - not working
tdragon2		//parent
tdragon2p		// trap15

	/* pacland */
pacland		/* (c) 1984 */
mariopac
paclandb
paclandd	/* Blue Justice */

	/* pacman */
abortman 	/* Paul C Copeland hack of Puckman */
baby2		/* T-Bone hack */
baby3		/* T-Bone hack */
baby4		/* T-Bone hack */
brakman		/* Jerry Lawrence hack of Pac-Man (Midway) */
bucaneer	/* PacMAME Hacks */
caterpil
chtpac
chtpac3d
chtpman2
chtpop
chtpuck
crazypac
dizzy
eltonpac	/* Sil hack of Pac-Man (Midway) */
europac		/* Stefano 'Jojo' Priore hack of Pac-Man (Midway) */
fpnleash
hanglyad
hmhearts	/* hack */
hearts
hellowp		// cmonkey UKVAC
hm1000		/* Blue Justice */
hm2000		/* Blue Justice */
hmba5000	/* Blue Justice */
hmba7000	/* Blue Justice */
hmbabymz	/* Blue Justice */
hmbluep		/* Blue Justice */
hmgrenp		/* Blue Justice */
hmpopey		/*  */
hmplus		/* Blue Justice */
homercid	/* David Widel */
jacman
jpmmunch	/* JPM bootleg */
mazeman		/* Sil hack of Pac-Man */
namcosil	/* Sil hack of Pac-Man (Namco) */
newpuck2	/* Scotty hack of Pac-Man */
newpuck3
nwpuc2b
pac2600		/* Bobby Tribble hack of Pac-Man (Midway) */
pac2600a
pacbaby
pacbaby2
pacbaby3
pacbell
pacelec
pacfnt
pacinvis
pacjail
pacjr1
pacjr2
pacjr3
pacjr4
pacm255		/* Mark Spaeth patch for level 256 */
pacman25	/* Jerronimo v1.0 2004 */
pacman3d	/* Sil hack of Pac-Man (Midway) */
pacman6
pacmanp		/* Don Hodges patch for level 256 */
pacmar		/* PacMAME Hacks */
pacminer
pacmini		/* Bobby Tribble hack of Pac-Man (Midway) */
pacmini2	/* Bobby Tribble hack of Pac-Man (Midway) */
pacmn6m2
pacms1
pacms2
pacms3
pacms4
pacmsa1
pacmsa2
pacmsa3
pacmsa4
pacmulti
puck255
pacplusc
pacpopey	/* unknown hack of Pac-Man (Namco) */
pacshuf
pacspeed
pacweird
pacwf		/* Tim Appleton - Weird Fruit */
pcrunchy
pengman		/* Jerry Lawrence hack of Pac-Man (Midway) */
pm1000		/* Blue Justice */
pm2000		/* Blue Justice */
pm3000		/* Blue Justice */
pm4000p		/* Blue Justice */
pm5000p		/* Blue Justice */
pm6000		/* Blue Justice */
pm7000		/* Blue Justice */
pm7000p		/* Blue Justice */
pmad		/* SirScotty and Sil hack of Pac-Man (Midway) */
pmad00
pmad6m		/* T-Bone hack */
pmada
pmba2000	/* Blue Justice */
pmba3000	/* Blue Justice */
pmba4000	/* Blue Justice */
pmba6000	/* Blue Justice */
pmba8000	/* Blue Justice */
pmbamaz		/* Blue Justice */
pmbaplus	/* Blue Justice */
pmbluep		/* Blue Justice */
pmdeluxe	/* Blue Justice */
pmextra		/* Blue Justice */
pmextrap	/* Blue Justice */
pmfever		/* Blue Justice */
pmgrenp		/* Blue Justice */
pmheart
newpuc1		/* Italian dump */
pplusad
puckman		/* (c) 1980 Namco */
puckmano
puckmoti
puckmot1
puckren
puckrenc
punleash
roboman
snakeyes	/* T-Bone hack */
snowpac		/* T-Bone hack */
spuckman
sumeltob
sumelton
tbone		/* T-Bone hack */
ultra2		/* PacMAME Hacks */
ultrapac
vcrunchy
vecbaby
vecbaby2
vecbaby3
vecpac		/* T-Bone hack of Pac-Man (Midway) */
vectplus
vectr6m		/* T-Bone hack */
vectr6tb	/* T-Bone hack */
vectxens
vhangly
vhangly3
vpacbell
vpacelec
vpacjail
vpacms1
vpacms2
vpacms3
vpacms4
vpacmsa1
vpacmsa2
vpacmsa3
vpacmsa4
vpacshuf
vpspeed
xensad
xensrev
	/* "Pacman hardware" games (hires hacks) */
puckmanx 	/* (c) 1980 Namco */
puckmnax 	/* (c) 1980 Namco */
puckmnfx 	/* hack */
puckmnhx 	/* hack */
pacmanx 	/* (c) 1980 Midway */
pacmanfx 	/* hack */
puckmodx 	/* (c) 1981 Namco */
pacmodx 	/* (c) 1981 Midway */
newpuc2x 	/* hack */
nwpuc2bx 	/* hack */
nwpuckxx 	/* hack */
hanglyx 	/* hack */
hangly2x 	/* hack */
hangly3x 	/* hack */
pacplusx
pheartx 	/* hack */

	/* pcktgal */
pcktgal		/* (c) 1987 Data East Corporation (Japan) */
pckgalgr	/* Vag @ GreekRoms */
pcktgalk	/* Korean Translation */

	/* pengo */
pengo		/* 834-0386 (c) 1982 Sega */
pacpen
pengopop
vecpengo	/* T-Bone hack of Pengo */
//alpacap7	/* "Jerronimo", "Alpaca v0.7 (Pengo Hardware) useless */
//alpacap8	/* "Jerronimo", "Alpaca v0.8 (Pengo Hardware) useless */

	/* pgm */
pgm		/* (c) 1997 */
ket
kov		//parent
kov2		//parent
kovplus
kovsh
kov2p
pgemeni		/* Blastar */
pgmdemo		/* Charles Doty */
pgmfrog		/* Rastersoft */
ketarrb
orlegend	//parent
orlegendcs
orlegendh
//kovassg
//kovdf
kovsgqyzc		// similar to kovsgqyza
kov2h1
kov2h2
kov2h3
kov2h4
kov2h5			// was kov2psv
kovph1
kovph2
kovph3
kovph4
kovph5
kovph6
//kovph7
kovph8
//kovph9
//kovph10
kovph11
kovph12
kovph13
kovph14
kovph15
//kovph16
kovph17
kovph18
//kovph19
//kovph20
//kovph21
//kovph22
//kovph23
kovph24			// was kvplusjq
kovph25			// was kovplusq
kovsh1
kovsh2
kovsh3
//kovsh4		// all of these are encrypted, not working
//kovsh5
//kovsh6
//kovsh7
//kovsh8
//kovsh9
//kovsh10
//kovsh11
//kovsh12
//kovsh13
//kovsh14
//kovsh15
//kovsh16
//kovsh17
kovsh18			// gem fighters
kovsh19			// rugal 98

	/* phoenix */
phoenix		/* (c) 1980 Amstar */
//phoenix4	/* rom missing */
phoenixd
phoenixg	/* Vag @ GreekRoms */
phoenixr	/* CYBERYOGI =CO= Windler hack of Phoenix */
pleiads2

	/* playch10 */
playch10
pc_bb2		/* NES->PC-10 */
pc_ctfrc	/* NES->PC-10 */
pc_digdg	/* NES->PC-10 */
pc_krsty	/* NES->PC-10 */
pc_mman5	/* NES->PC-10 */
pc_parsl	/* NES->PC-10 */
pc_ark		/* NES->PC-10 */
pc_dk3		/* NES->PC-10 */
pc_galag	/* NES->PC-10 */
pc_cch		/* NES->PC-10 */
pc_dk		/* NES->PC-10 */
pc_pacm		/* NES->PC-10 */
pc_gyrus	/* NES->PC-10 */
pc_skykd	/* NES->PC-10 */

	/* powerins */
powerins	// parent
powernbr	// Brazil translation

	/* psikyosh */
s1945ii // parent
s1945iiex

	/* rallyx */
rxtron		/* Jerky and Sil hack of Rally-X */
nrallyv		/* New Rally-X (vertical) */

	/* rastan */
rastan		/* B04 (c) 1987 Taito Corporation Japan (World) */
rastandh	/* Neil Pearce Hack */	
rastand2	/* Neil Pearce Hack */
rastaneh	/* Neil Pearce Hack */
rastane2	/* Neil Pearce Hack */
rastwack	/* Vogel Hack */

	/* retofinv */
retofin4	/* Paul Smith hack */

	/* schaser */
schasrcv

	/* segac2 */
c2frog

	/* segaorun */
outrun
outrunen
outrunen0
outrunen1
outrunen2

	/* segar */
astrob2h

	/* segas16b */
//altbeast	// parent
//altbeastfr	// french - Arkatrad - not working

	/* shaolins */
kfjohnny	/* hack by Smitdogg*/

	/* snk6502 */
vantris		/* (c) 1998 Norbert Kehrer */

	/* spacmiss */
spacmiss

	/* st0016 */
renjuk		/* Korean Translation */

	/* system1 */
wbml		/* bootleg (S2) */
wbmlbit		/* Italian Translation */
wbmlkb		/* Korean Translation */

	/* system16 */
sys16dem	// Charles Doty

	/* taito_b */
bubbleb 	/* pbobble USA Region Hack */

	/* taito_f2 */
f2demo		/* Charles Doty */

	/* taito_f3 */
arkretrn	//parent
cleopatr	//parent
dariusg		//parent
gekiridn	//parent
landmakr	//parent
pbobble2	//parent
arkretrh
cleopath
driusgxh
//f3demo		/* Antiriad (a demo made for Raine, not tested on real hardware) - not working */
gekiridh
gekiridoc
landmakh
pbobl2xh

	/* taito_l */
evilston	//parent
evilstonfr	// French
sokoban		// Sokoban LE by cmonkey
speccies	// Speccies 2 by Sokurah
tldemo		// cmonkey
tldemo2		// cmonkey

	/* tecmo */
geminit		/* Twisty Hack */
rygark		/* Korean Translation */

	/* tecmo16 */
fstarfrc	//parent
fstarfrcc

	/* tehkanwc */
tehkanwc	/* (c) 1985 Tehkan */
ballonwc
tehkangc
tankwc
twc_gr		/* Vag @ GreekRoms */

	/* tempest */
tempest		/* 136002           (c) 1980 */
tempall
temped		/* Tempest TempEd Hack */
tempestm
temptwst	/* Twisty Hack */
tmptwsta	/* Twisty Hack 2000 */
tmptwst2	/* Twisty Hack */
tmptwst3	/* Twisty Hack */
tmptwst4	/* Twisty Hack */
vbrakout	/* Clay Cowgill */
tempmg		/* Clay Cowgill Multi-Tempest */
temptlm
vortex		/* Tempest Prototype */
vortexa		/* Tempest Prototype */
aliensv		/* Tempest Prototype */
aliensva	/* Tempest Prototype */

	/* terracre */
terracre	/* (c) 1985 */
terracrc

	/* tmnt */
ssriders
ssridersaex

	/* toaplan1 */
fireshrk	//parent
samenew		// Trap15

	/* toaplan2 */
kgpe		/* Neill Corlett hack */
sstriker	//parent
mahoudcn
batsugun	//parent
batsugunt
bgaregga	//parent
bgareggz

	/* trackfld */
athens04	/* Athens 2004 - Hack by The Gameland Crew (http://www.gameland.gr): Maddog, Whacker, Badge, Geoanas */

	/* twincobr */
twincobr	/* TP-011 (c) 1987 Taito Corporation (World) */
twincbu2
twintwst

	/* volfied */
volfiedg	/* Vag @ GreekRoms 2005 */

	/* vsnes */
suprmrio	/* (c) 1986 Nintendo */
mrio2002	/* Vs. Super Mario Bros. 2002 */
suprsktr	/* Vs. Super Skater Bros. - Vs. Super Mario Skaters */

	/* williams */
defender
defender2
robotron
robotron201	// start at level 201 (Sean Riddle)
robotronp	/* Patched to remove the 'in the corner' crash */
robotrontie	// Tie Die set (Vid Kidz)
splatsc1

	/* yiear */
yiear		/* GX407 (c) 1985 */
nacho		/* Gatinho - Nacho Libre */

